
=== Sun Sep 24 18:47:09 2023

Packages were changed.
Update Mode: mergeDefaultDependencies

The following packages were added:
  com.unity.ide.rider@3.0.21
  com.unity.ide.visualstudio@2.0.18
  com.unity.ide.vscode@1.2.5
  com.unity.modules.ai@1.0.0
  com.unity.modules.androidjni@1.0.0
  com.unity.modules.cloth@1.0.0
  com.unity.modules.screencapture@1.0.0
  com.unity.modules.terrain@1.0.0
  com.unity.modules.terrainphysics@1.0.0
  com.unity.modules.uielements@1.0.0
  com.unity.modules.umbra@1.0.0
  com.unity.modules.unityanalytics@1.0.0
  com.unity.modules.vehicles@1.0.0
  com.unity.modules.wind@1.0.0
The following packages were updated:
  com.unity.cinemachine from version 2.8.4 to 2.8.9
  com.unity.collab-proxy from version 1.15.15 to 2.0.4
  com.unity.learn.iet-framework from version 2.1.2 to 3.1.1
  com.unity.render-pipelines.universal from version 12.1.6 to 12.1.11
  com.unity.test-framework from version 1.1.31 to 1.1.33
  com.unity.timeline from version 1.6.4 to 1.6.5
  com.unity.visualscripting from version 1.7.6 to 1.8.0

=== Sun Sep 24 18:55:38 2023

Packages were changed.
Update Mode: updateDependencies

The following packages were added:
  com.unity.ai.navigation@1.1.1
The following packages were updated:
  com.unity.cinemachine from version 2.8.9 to 2.9.5
  com.unity.learn.iet-framework from version 3.1.1 to 3.1.3
  com.unity.render-pipelines.universal from version 12.1.11 to 14.0.6
  com.unity.timeline from version 1.6.5 to 1.7.3

=== Mon Oct  2 14:10:52 2023

Packages were changed.
Update Mode: updateDependencies

The following packages were updated:
  com.unity.ai.navigation from version 1.1.1 to 1.1.4
  com.unity.collab-proxy from version 2.0.4 to 2.0.7
  com.unity.ide.rider from version 3.0.21 to 3.0.24
  com.unity.render-pipelines.universal from version 14.0.6 to 14.0.8
  com.unity.timeline from version 1.7.3 to 1.7.5
  com.unity.visualscripting from version 1.8.0 to 1.9.0
